{"C:\\Users\\User\\Desktop\\Automato\\onelife\\client\\src\\setupTests.js": {"path":"C:\\Users\\User\\Desktop\\Automato\\onelife\\client\\src\\setupTests.js","statementMap":{"0":{"start":{"line":4,"column":0},"end":{"line":4,"column":37}}},"fnMap":{},"branchMap":{},"s":{"0":1},"f":{},"b":{},"_coverageSchema":"332fd63041d2c1bcb487cc26dd0d5f7d97098a6c","hash":"21c58764d31a68839f90b5ea0396a88b72b7f424"}
,"C:\\Users\\User\\Desktop\\Automato\\onelife\\client\\src\\components\\Layout\\ProfileLayout\\Header.js": {"path":"C:\\Users\\User\\Desktop\\Automato\\onelife\\client\\src\\components\\Layout\\ProfileLayout\\Header.js","statementMap":{"0":{"start":{"line":4,"column":15},"end":{"line":17,"column":11}},"1":{"start":{"line":6,"column":2},"end":{"line":17,"column":11}}},"fnMap":{"0":{"name":"(anonymous_0)","decl":{"start":{"line":4,"column":15},"end":{"line":4,"column":16}},"loc":{"start":{"line":6,"column":2},"end":{"line":17,"column":11}},"line":6}},"branchMap":{},"s":{"0":1,"1":1},"f":{"0":1},"b":{},"_coverageSchema":"332fd63041d2c1bcb487cc26dd0d5f7d97098a6c","hash":"b679a0142dd757c1a9deda1a7cf37943c3b306cc"}
}
